# JRE version: Java(TM) SE Runtime Environment (8.0_144-b01) (build 1.8.0_144-b01)
# Java VM: Java HotSpot(TM) 64-Bit Server VM (25.144-b01 mixed mode windows-amd64 compressed oops)
Heap:
 PSYoungGen      total 34304K, used 29058K [0x00000000eb580000, 0x00000000ed980000, 0x0000000100000000)
  eden space 31744K, 83% used [0x00000000eb580000,0x00000000ecf60820,0x00000000ed480000)
  from space 2560K, 100% used [0x00000000ed480000,0x00000000ed700000,0x00000000ed700000)
  to   space 2560K, 0% used [0x00000000ed700000,0x00000000ed700000,0x00000000ed980000)
 ParOldGen       total 33280K, used 10802K [0x00000000c2000000, 0x00000000c4080000, 0x00000000eb580000)
  object space 33280K, 32% used [0x00000000c2000000,0x00000000c2a8cbe0,0x00000000c4080000)
 Metaspace       used 22803K, capacity 23804K, committed 23936K, reserved 1071104K
  class space    used 3127K, capacity 3343K, committed 3456K, reserved 1048576K
GC Heap History (10 events):
Event: 5.988 GC heap before
{Heap before GC invocations=6 (full 0):
 PSYoungGen      total 34304K, used 34289K [0x00000000eb580000, 0x00000000ed980000, 0x0000000100000000)
  eden space 31744K, 100% used [0x00000000eb580000,0x00000000ed480000,0x00000000ed480000)
  from space 2560K, 99% used [0x00000000ed480000,0x00000000ed6fc468,0x00000000ed700000)
  to   space 2560K, 0% used [0x00000000ed700000,0x00000000ed700000,0x00000000ed980000)
 ParOldGen       total 42496K, used 10614K [0x00000000c2000000, 0x00000000c4980000, 0x00000000eb580000)
  object space 42496K, 24% used [0x00000000c2000000,0x00000000c2a5dad0,0x00000000c4980000)
 Metaspace       used 17079K, capacity 17762K, committed 17920K, reserved 1064960K
  class space    used 2283K, capacity 2452K, committed 2560K, reserved 1048576K
Event: 5.993 GC heap after
Heap after GC invocations=6 (full 0):
 PSYoungGen      total 34304K, used 2550K [0x00000000eb580000, 0x00000000ed980000, 0x0000000100000000)
  eden space 31744K, 0% used [0x00000000eb580000,0x00000000eb580000,0x00000000ed480000)
  from space 2560K, 99% used [0x00000000ed700000,0x00000000ed97da38,0x00000000ed980000)
  to   space 2560K, 0% used [0x00000000ed480000,0x00000000ed480000,0x00000000ed700000)
 ParOldGen       total 42496K, used 13042K [0x00000000c2000000, 0x00000000c4980000, 0x00000000eb580000)
  object space 42496K, 30% used [0x00000000c2000000,0x00000000c2cbc8c8,0x00000000c4980000)
 Metaspace       used 17079K, capacity 17762K, committed 17920K, reserved 1064960K
  class space    used 2283K, capacity 2452K, committed 2560K, reserved 1048576K
}
Event: 6.165 GC heap before
{Heap before GC invocations=7 (full 0):
 PSYoungGen      total 34304K, used 26482K [0x00000000eb580000, 0x00000000ed980000, 0x0000000100000000)
  eden space 31744K, 75% used [0x00000000eb580000,0x00000000eccdefe0,0x00000000ed480000)
  from space 2560K, 99% used [0x00000000ed700000,0x00000000ed97da38,0x00000000ed980000)
  to   space 2560K, 0% used [0x00000000ed480000,0x00000000ed480000,0x00000000ed700000)
 ParOldGen       total 42496K, used 13042K [0x00000000c2000000, 0x00000000c4980000, 0x00000000eb580000)
  object space 42496K, 30% used [0x00000000c2000000,0x00000000c2cbc8c8,0x00000000c4980000)
 Metaspace       used 18042K, capacity 18784K, committed 18816K, reserved 1069056K
  class space    used 2476K, capacity 2657K, committed 2688K, reserved 1048576K
Event: 6.169 GC heap after
Heap after GC invocations=7 (full 0):
 PSYoungGen      total 34304K, used 2535K [0x00000000eb580000, 0x00000000ed980000, 0x0000000100000000)
  eden space 31744K, 0% used [0x00000000eb580000,0x00000000eb580000,0x00000000ed480000)
  from space 2560K, 99% used [0x00000000ed480000,0x00000000ed6f9e30,0x00000000ed700000)
  to   space 2560K, 0% used [0x00000000ed700000,0x00000000ed700000,0x00000000ed980000)
 ParOldGen       total 42496K, used 14488K [0x00000000c2000000, 0x00000000c4980000, 0x00000000eb580000)
  object space 42496K, 34% used [0x00000000c2000000,0x00000000c2e261d0,0x00000000c4980000)
 Metaspace       used 18042K, capacity 18784K, committed 18816K, reserved 1069056K
  class space    used 2476K, capacity 2657K, committed 2688K, reserved 1048576K
}
Event: 6.169 GC heap before
{Heap before GC invocations=8 (full 1):
 PSYoungGen      total 34304K, used 2535K [0x00000000eb580000, 0x00000000ed980000, 0x0000000100000000)
  eden space 31744K, 0% used [0x00000000eb580000,0x00000000eb580000,0x00000000ed480000)
  from space 2560K, 99% used [0x00000000ed480000,0x00000000ed6f9e30,0x00000000ed700000)
  to   space 2560K, 0% used [0x00000000ed700000,0x00000000ed700000,0x00000000ed980000)
 ParOldGen       total 42496K, used 14488K [0x00000000c2000000, 0x00000000c4980000, 0x00000000eb580000)
  object space 42496K, 34% used [0x00000000c2000000,0x00000000c2e261d0,0x00000000c4980000)
 Metaspace       used 18042K, capacity 18784K, committed 18816K, reserved 1069056K
  class space    used 2476K, capacity 2657K, committed 2688K, reserved 1048576K
Event: 6.221 GC heap after
Heap after GC invocations=8 (full 1):
 PSYoungGen      total 34304K, used 0K [0x00000000eb580000, 0x00000000ed980000, 0x0000000100000000)
  eden space 31744K, 0% used [0x00000000eb580000,0x00000000eb580000,0x00000000ed480000)
  from space 2560K, 0% used [0x00000000ed480000,0x00000000ed480000,0x00000000ed700000)
  to   space 2560K, 0% used [0x00000000ed700000,0x00000000ed700000,0x00000000ed980000)
 ParOldGen       total 33280K, used 8260K [0x00000000c2000000, 0x00000000c4080000, 0x00000000eb580000)
  object space 33280K, 24% used [0x00000000c2000000,0x00000000c28113d0,0x00000000c4080000)
 Metaspace       used 18042K, capacity 18784K, committed 18816K, reserved 1067008K
  class space    used 2476K, capacity 2657K, committed 2688K, reserved 1048576K
}
Event: 7.666 GC heap before
{Heap before GC invocations=9 (full 1):
 PSYoungGen      total 34304K, used 31744K [0x00000000eb580000, 0x00000000ed980000, 0x0000000100000000)
  eden space 31744K, 100% used [0x00000000eb580000,0x00000000ed480000,0x00000000ed480000)
  from space 2560K, 0% used [0x00000000ed480000,0x00000000ed480000,0x00000000ed700000)
  to   space 2560K, 0% used [0x00000000ed700000,0x00000000ed700000,0x00000000ed980000)
 ParOldGen       total 33280K, used 8260K [0x00000000c2000000, 0x00000000c4080000, 0x00000000eb580000)
  object space 33280K, 24% used [0x00000000c2000000,0x00000000c28113d0,0x00000000c4080000)
 Metaspace       used 20831K, capacity 21698K, committed 22016K, reserved 1069056K
  class space    used 2839K, capacity 3024K, committed 3072K, reserved 1048576K
Event: 7.669 GC heap after
Heap after GC invocations=9 (full 1):
 PSYoungGen      total 34304K, used 2552K [0x00000000eb580000, 0x00000000ed980000, 0x0000000100000000)
  eden space 31744K, 0% used [0x00000000eb580000,0x00000000eb580000,0x00000000ed480000)
  from space 2560K, 99% used [0x00000000ed700000,0x00000000ed97e250,0x00000000ed980000)
  to   space 2560K, 0% used [0x00000000ed480000,0x00000000ed480000,0x00000000ed700000)
 ParOldGen       total 33280K, used 9352K [0x00000000c2000000, 0x00000000c4080000, 0x00000000eb580000)
  object space 33280K, 28% used [0x00000000c2000000,0x00000000c2922218,0x00000000c4080000)
 Metaspace       used 20831K, capacity 21698K, committed 22016K, reserved 1069056K
  class space    used 2839K, capacity 3024K, committed 3072K, reserved 1048576K
}
Event: 9.860 GC heap before
{Heap before GC invocations=10 (full 1):
 PSYoungGen      total 34304K, used 34296K [0x00000000eb580000, 0x00000000ed980000, 0x0000000100000000)
  eden space 31744K, 100% used [0x00000000eb580000,0x00000000ed480000,0x00000000ed480000)
  from space 2560K, 99% used [0x00000000ed700000,0x00000000ed97e250,0x00000000ed980000)
  to   space 2560K, 0% used [0x00000000ed480000,0x00000000ed480000,0x00000000ed700000)
 ParOldGen       total 33280K, used 9352K [0x00000000c2000000, 0x00000000c4080000, 0x00000000eb580000)
  object space 33280K, 28% used [0x00000000c2000000,0x00000000c2922218,0x00000000c4080000)
 Metaspace       used 22472K, capacity 23456K, committed 23552K, reserved 1069056K
  class space    used 3075K, capacity 3301K, committed 3328K, reserved 1048576K
Event: 9.864 GC heap after
Heap after GC invocations=10 (full 1):
 PSYoungGen      total 34304K, used 2560K [0x00000000eb580000, 0x00000000ed980000, 0x0000000100000000)
  eden space 31744K, 0% used [0x00000000eb580000,0x00000000eb580000,0x00000000ed480000)
  from space 2560K, 100% used [0x00000000ed480000,0x00000000ed700000,0x00000000ed700000)
  to   space 2560K, 0% used [0x00000000ed700000,0x00000000ed700000,0x00000000ed980000)
 ParOldGen       total 33280K, used 10802K [0x00000000c2000000, 0x00000000c4080000, 0x00000000eb580000)
  object space 33280K, 32% used [0x00000000c2000000,0x00000000c2a8cbe0,0x00000000c4080000)
 Metaspace       used 22472K, capacity 23456K, committed 23552K, reserved 1069056K
  class space    used 3075K, capacity 3301K, committed 3328K, reserved 1048576K
}

